10:02:31:741  INFO 57536 --- [main] com.hmall.pay.PayApplication             : Starting PayApplication using Java 11.0.27 on DESKTOP-SOTLSB0 with PID 57536 (D:\JavaStudy\Projects\hmall\hmall\pay-service\target\classes started by Nick in D:\JavaStudy\Projects\hmall\hmall)
10:02:31:745 DEBUG 57536 --- [main] com.hmall.pay.PayApplication             : Running with Spring Boot v2.7.12, Spring v5.3.27
10:02:31:745  INFO 57536 --- [main] com.hmall.pay.PayApplication             : The following 1 profile is active: "local"
10:02:32:616  INFO 57536 --- [main] o.s.cloud.context.scope.GenericScope     : BeanFactory id=2aa1bdd6-6e38-33ec-b599-87dbb632783f
10:02:32:901  INFO 57536 --- [main] o.s.b.w.embedded.tomcat.TomcatWebServer  : Tomcat initialized with port(s): 8086 (http)
10:02:32:910  INFO 57536 --- [main] o.apache.catalina.core.StandardService   : Starting service [Tomcat]
10:02:32:910  INFO 57536 --- [main] org.apache.catalina.core.StandardEngine  : Starting Servlet engine: [Apache Tomcat/9.0.75]
10:02:33:045  INFO 57536 --- [main] o.a.c.c.C.[Tomcat].[localhost].[/]       : Initializing Spring embedded WebApplicationContext
10:02:33:045  INFO 57536 --- [main] w.s.c.ServletWebServerApplicationContext : Root WebApplicationContext: initialization completed in 1264 ms
10:02:33:183  INFO 57536 --- [main] o.s.c.openfeign.FeignClientFactoryBean   : For 'user-service' URL not provided. Will try picking an instance via load-balancing.
10:02:33:225  INFO 57536 --- [main] o.s.c.openfeign.FeignClientFactoryBean   : For 'trade-service' URL not provided. Will try picking an instance via load-balancing.
10:02:34:565  INFO 57536 --- [main] pertySourcedRequestMappingHandlerMapping : Mapped URL path [/v2/api-docs] onto method [springfox.documentation.swagger2.web.Swagger2ControllerWebMvc#getDocumentation(String, HttpServletRequest)]
10:02:34:964  INFO 57536 --- [main] com.alibaba.nacos.common.remote.client   : [RpcClientFactory] create a new rpc client of 35cb278b-5879-4cb1-80fd-0dad65f1433f
10:02:34:999  INFO 57536 --- [main] org.reflections.Reflections              : Reflections took 18 ms to scan 1 urls, producing 3 keys and 6 values 
10:02:35:020  INFO 57536 --- [main] org.reflections.Reflections              : Reflections took 7 ms to scan 1 urls, producing 4 keys and 9 values 
10:02:35:028  INFO 57536 --- [main] org.reflections.Reflections              : Reflections took 5 ms to scan 1 urls, producing 3 keys and 10 values 
10:02:35:031  WARN 57536 --- [main] org.reflections.Reflections              : given scan urls are empty. set urls in the configuration
10:02:35:037  INFO 57536 --- [main] org.reflections.Reflections              : Reflections took 6 ms to scan 1 urls, producing 1 keys and 5 values 
10:02:35:051  INFO 57536 --- [main] org.reflections.Reflections              : Reflections took 13 ms to scan 1 urls, producing 1 keys and 7 values 
10:02:35:059  INFO 57536 --- [main] org.reflections.Reflections              : Reflections took 5 ms to scan 1 urls, producing 2 keys and 8 values 
10:02:35:061  WARN 57536 --- [main] org.reflections.Reflections              : given scan urls are empty. set urls in the configuration
10:02:35:062  INFO 57536 --- [main] com.alibaba.nacos.common.remote.client   : [35cb278b-5879-4cb1-80fd-0dad65f1433f] RpcClient init label, labels = {module=naming, source=sdk}
10:02:35:064  INFO 57536 --- [main] com.alibaba.nacos.common.remote.client   : [35cb278b-5879-4cb1-80fd-0dad65f1433f] RpcClient init, ServerListFactory = com.alibaba.nacos.client.naming.core.ServerListManager
10:02:35:064  INFO 57536 --- [main] com.alibaba.nacos.common.remote.client   : [35cb278b-5879-4cb1-80fd-0dad65f1433f] Registry connection listener to current client:com.alibaba.nacos.client.naming.remote.gprc.redo.NamingGrpcRedoService
10:02:35:065  INFO 57536 --- [main] com.alibaba.nacos.common.remote.client   : [35cb278b-5879-4cb1-80fd-0dad65f1433f] Register server push request handler:com.alibaba.nacos.client.naming.remote.gprc.NamingPushRequestHandler
10:02:35:066  INFO 57536 --- [main] com.alibaba.nacos.common.remote.client   : [35cb278b-5879-4cb1-80fd-0dad65f1433f] Try to connect to server on start up, server: {serverIp = '121.37.172.251', server main port = 8848}
10:02:36:407  INFO 57536 --- [main] com.alibaba.nacos.common.remote.client   : [35cb278b-5879-4cb1-80fd-0dad65f1433f] Success to connect to server [121.37.172.251:8848] on start up, connectionId = 1750730556301_112.96.177.248_17346
10:02:36:408  INFO 57536 --- [com.alibaba.nacos.client.remote.worker] com.alibaba.nacos.common.remote.client   : [35cb278b-5879-4cb1-80fd-0dad65f1433f] Notify connected event to listeners.
10:02:36:408  INFO 57536 --- [main] com.alibaba.nacos.common.remote.client   : [35cb278b-5879-4cb1-80fd-0dad65f1433f] Register server push request handler:com.alibaba.nacos.common.remote.client.RpcClient$ConnectResetRequestHandler
10:02:36:409  INFO 57536 --- [main] com.alibaba.nacos.common.remote.client   : [35cb278b-5879-4cb1-80fd-0dad65f1433f] Register server push request handler:com.alibaba.nacos.common.remote.client.RpcClient$$Lambda$1071/0x0000000800858040
10:02:36:556  INFO 57536 --- [main] o.s.b.w.embedded.tomcat.TomcatWebServer  : Tomcat started on port(s): 8086 (http) with context path ''
10:02:36:670  INFO 57536 --- [main] c.a.c.n.registry.NacosServiceRegistry    : nacos registry, DEFAULT_GROUP pay-service 192.168.8.7:8086 register finished
10:02:36:855  INFO 57536 --- [main] d.s.w.p.DocumentationPluginsBootstrapper : Documentation plugins bootstrapped
10:02:36:857  INFO 57536 --- [main] d.s.w.p.DocumentationPluginsBootstrapper : Found 1 custom documentation plugin(s)
10:02:36:874  INFO 57536 --- [main] s.d.s.w.s.ApiListingReferenceScanner     : Scanning for api listing references
10:02:36:929  INFO 57536 --- [main] com.hmall.pay.PayApplication             : Started PayApplication in 5.826 seconds (JVM running for 6.53)
10:02:37:079  INFO 57536 --- [nacos-grpc-client-executor-10] com.alibaba.nacos.common.remote.client   : [35cb278b-5879-4cb1-80fd-0dad65f1433f] Receive server push request, request = NotifySubscriberRequest, requestId = 111
10:02:37:086  INFO 57536 --- [nacos-grpc-client-executor-10] com.alibaba.nacos.common.remote.client   : [35cb278b-5879-4cb1-80fd-0dad65f1433f] Ack server push request, request = NotifySubscriberRequest, requestId = 111
10:02:43:233  INFO 57536 --- [http-nio-8086-exec-1] o.a.c.c.C.[Tomcat].[localhost].[/]       : Initializing Spring DispatcherServlet 'dispatcherServlet'
10:02:43:234  INFO 57536 --- [http-nio-8086-exec-1] o.s.web.servlet.DispatcherServlet        : Initializing Servlet 'dispatcherServlet'
10:02:43:234  INFO 57536 --- [http-nio-8086-exec-1] o.s.web.servlet.DispatcherServlet        : Completed initialization in 0 ms
10:02:43:323  INFO 57536 --- [http-nio-8086-exec-1] com.zaxxer.hikari.HikariDataSource       : HikariPool-1 - Starting...
10:02:44:871  INFO 57536 --- [http-nio-8086-exec-1] com.zaxxer.hikari.HikariDataSource       : HikariPool-1 - Start completed.
10:02:44:876 DEBUG 57536 --- [http-nio-8086-exec-1] c.h.pay.mapper.PayOrderMapper.selectOne  : ==>  Preparing: SELECT id,biz_order_no,pay_order_no,biz_user_id,pay_channel_code,amount,pay_type,status,expand_json,result_code,result_msg,pay_success_time,pay_over_time,qr_code_url,create_time,update_time,creater,updater,is_delete FROM pay_order WHERE (biz_order_no = ?)
10:02:44:890 DEBUG 57536 --- [http-nio-8086-exec-1] c.h.pay.mapper.PayOrderMapper.selectOne  : ==> Parameters: 1937330384182038530(Long)
10:02:45:052 DEBUG 57536 --- [http-nio-8086-exec-1] c.h.pay.mapper.PayOrderMapper.selectOne  : <==      Total: 0
10:02:45:086 DEBUG 57536 --- [http-nio-8086-exec-1] c.h.pay.mapper.PayOrderMapper.insert     : ==>  Preparing: INSERT INTO pay_order ( id, biz_order_no, pay_order_no, biz_user_id, pay_channel_code, amount, pay_type, status, pay_over_time ) VALUES ( ?, ?, ?, ?, ?, ?, ?, ?, ? )
10:02:45:087 DEBUG 57536 --- [http-nio-8086-exec-1] c.h.pay.mapper.PayOrderMapper.insert     : ==> Parameters: 1937330522510168066(Long), 1937330384182038530(Long), 1937330522510168065(Long), 1(Long), balance(String), 78900(Integer), 5(Integer), 1(Integer), 2025-06-24T12:02:45.082901900(LocalDateTime)
10:02:45:308 DEBUG 57536 --- [http-nio-8086-exec-1] c.h.pay.mapper.PayOrderMapper.insert     : <==    Updates: 1
10:30:11:268  INFO 57536 --- [com.alibaba.nacos.client.remote.worker] com.alibaba.nacos.common.remote.client   : [35cb278b-5879-4cb1-80fd-0dad65f1433f] Server healthy check fail, currentConnection = 1750730556301_112.96.177.248_17346
10:30:11:270  INFO 57536 --- [com.alibaba.nacos.client.remote.worker] com.alibaba.nacos.common.remote.client   : [35cb278b-5879-4cb1-80fd-0dad65f1433f] Try to reconnect to a new server, server is  not appointed, will choose a random server.
10:30:12:461  INFO 57536 --- [com.alibaba.nacos.client.remote.worker] com.alibaba.nacos.common.remote.client   : [35cb278b-5879-4cb1-80fd-0dad65f1433f] Success to connect a server [121.37.172.251:8848], connectionId = 1750732212450_112.96.177.248_17840
10:30:12:461  INFO 57536 --- [com.alibaba.nacos.client.remote.worker] com.alibaba.nacos.common.remote.client   : [35cb278b-5879-4cb1-80fd-0dad65f1433f] Abandon prev connection, server is 121.37.172.251:8848, connectionId is 1750730556301_112.96.177.248_17346
10:30:12:461  INFO 57536 --- [com.alibaba.nacos.client.remote.worker] com.alibaba.nacos.common.remote.client   : Close current connection 1750730556301_112.96.177.248_17346
10:30:12:466  INFO 57536 --- [com.alibaba.nacos.client.remote.worker] com.alibaba.nacos.common.remote.client   : [35cb278b-5879-4cb1-80fd-0dad65f1433f] Notify disconnected event to listeners
10:30:12:467  INFO 57536 --- [com.alibaba.nacos.client.remote.worker] com.alibaba.nacos.common.remote.client   : [35cb278b-5879-4cb1-80fd-0dad65f1433f] Notify connected event to listeners.
10:30:12:468  WARN 57536 --- [nacos-grpc-client-executor-378] c.a.n.c.remote.client.grpc.GrpcClient    : [1750730556301_112.96.177.248_17346]Ignore error event,isRunning:true,isAbandon=true
10:30:18:273  INFO 57536 --- [nacos-grpc-client-executor-381] com.alibaba.nacos.common.remote.client   : [35cb278b-5879-4cb1-80fd-0dad65f1433f] Receive server push request, request = NotifySubscriberRequest, requestId = 121
10:30:18:273  INFO 57536 --- [nacos-grpc-client-executor-381] com.alibaba.nacos.common.remote.client   : [35cb278b-5879-4cb1-80fd-0dad65f1433f] Ack server push request, request = NotifySubscriberRequest, requestId = 121
10:58:43:238  WARN 57536 --- [Thread-4] c.a.nacos.common.notify.NotifyCenter     : [NotifyCenter] Start destroying Publisher
10:58:43:239  WARN 57536 --- [Thread-4] c.a.nacos.common.notify.NotifyCenter     : [NotifyCenter] Destruction of the end
10:58:43:239  WARN 57536 --- [Thread-7] c.a.n.common.http.HttpClientBeanHolder   : [HttpClientBeanHolder] Start destroying common HttpClient
10:58:43:241  WARN 57536 --- [Thread-7] c.a.n.common.http.HttpClientBeanHolder   : [HttpClientBeanHolder] Destruction of the end
10:58:43:627  INFO 57536 --- [SpringApplicationShutdownHook] c.a.c.n.registry.NacosServiceRegistry    : De-registering from Nacos Server now...
10:58:43:725  INFO 57536 --- [SpringApplicationShutdownHook] c.a.c.n.registry.NacosServiceRegistry    : De-registration finished.
10:58:44:053  INFO 57536 --- [SpringApplicationShutdownHook] com.alibaba.nacos.common.remote.client   : Shutdown rpc client, set status to shutdown
10:58:44:053  INFO 57536 --- [SpringApplicationShutdownHook] com.alibaba.nacos.common.remote.client   : Shutdown client event executor java.util.concurrent.ScheduledThreadPoolExecutor@482bf4b6[Running, pool size = 2, active threads = 2, queued tasks = 0, completed tasks = 0]
10:58:44:053  INFO 57536 --- [SpringApplicationShutdownHook] com.alibaba.nacos.common.remote.client   : Close current connection 1750732212450_112.96.177.248_17840
10:58:44:056  INFO 57536 --- [SpringApplicationShutdownHook] c.a.n.c.remote.client.grpc.GrpcClient    : Shutdown grpc executor java.util.concurrent.ThreadPoolExecutor@555896d5[Running, pool size = 4, active threads = 0, queued tasks = 0, completed tasks = 726]
10:58:44:057  WARN 57536 --- [nacos-grpc-client-executor-726] c.a.n.c.remote.client.grpc.GrpcClient    : [1750732212450_112.96.177.248_17840]Ignore error event,isRunning:false,isAbandon=false
10:58:44:066  INFO 57536 --- [SpringApplicationShutdownHook] com.zaxxer.hikari.HikariDataSource       : HikariPool-1 - Shutdown initiated...
10:58:59:241  INFO 57536 --- [SpringApplicationShutdownHook] com.zaxxer.hikari.HikariDataSource       : HikariPool-1 - Shutdown completed.
10:59:06:756  INFO 37128 --- [main] com.hmall.pay.PayApplication             : Starting PayApplication using Java 11.0.27 on DESKTOP-SOTLSB0 with PID 37128 (D:\JavaStudy\Projects\hmall\hmall\pay-service\target\classes started by Nick in D:\JavaStudy\Projects\hmall\hmall)
10:59:06:758 DEBUG 37128 --- [main] com.hmall.pay.PayApplication             : Running with Spring Boot v2.7.12, Spring v5.3.27
10:59:06:759  INFO 37128 --- [main] com.hmall.pay.PayApplication             : The following 1 profile is active: "local"
10:59:07:616  INFO 37128 --- [main] o.s.cloud.context.scope.GenericScope     : BeanFactory id=3ca7418c-d5dd-3997-baa2-cb984f7a25f2
10:59:07:932  INFO 37128 --- [main] o.s.b.w.embedded.tomcat.TomcatWebServer  : Tomcat initialized with port(s): 8086 (http)
10:59:07:941  INFO 37128 --- [main] o.apache.catalina.core.StandardService   : Starting service [Tomcat]
10:59:07:941  INFO 37128 --- [main] org.apache.catalina.core.StandardEngine  : Starting Servlet engine: [Apache Tomcat/9.0.75]
10:59:08:095  INFO 37128 --- [main] o.a.c.c.C.[Tomcat].[localhost].[/]       : Initializing Spring embedded WebApplicationContext
10:59:08:095  INFO 37128 --- [main] w.s.c.ServletWebServerApplicationContext : Root WebApplicationContext: initialization completed in 1300 ms
10:59:08:281  INFO 37128 --- [main] o.s.c.openfeign.FeignClientFactoryBean   : For 'user-service' URL not provided. Will try picking an instance via load-balancing.
10:59:08:333  INFO 37128 --- [main] o.s.c.openfeign.FeignClientFactoryBean   : For 'trade-service' URL not provided. Will try picking an instance via load-balancing.
10:59:09:692  INFO 37128 --- [main] pertySourcedRequestMappingHandlerMapping : Mapped URL path [/v2/api-docs] onto method [springfox.documentation.swagger2.web.Swagger2ControllerWebMvc#getDocumentation(String, HttpServletRequest)]
10:59:10:104  INFO 37128 --- [main] com.alibaba.nacos.common.remote.client   : [RpcClientFactory] create a new rpc client of 2fd61998-2210-443c-ab62-7c6b774e930d
10:59:10:140  INFO 37128 --- [main] org.reflections.Reflections              : Reflections took 19 ms to scan 1 urls, producing 3 keys and 6 values 
10:59:10:163  INFO 37128 --- [main] org.reflections.Reflections              : Reflections took 7 ms to scan 1 urls, producing 4 keys and 9 values 
10:59:10:179  INFO 37128 --- [main] org.reflections.Reflections              : Reflections took 13 ms to scan 1 urls, producing 3 keys and 10 values 
10:59:10:182  WARN 37128 --- [main] org.reflections.Reflections              : given scan urls are empty. set urls in the configuration
10:59:10:187  INFO 37128 --- [main] org.reflections.Reflections              : Reflections took 4 ms to scan 1 urls, producing 1 keys and 5 values 
10:59:10:195  INFO 37128 --- [main] org.reflections.Reflections              : Reflections took 6 ms to scan 1 urls, producing 1 keys and 7 values 
10:59:10:202  INFO 37128 --- [main] org.reflections.Reflections              : Reflections took 5 ms to scan 1 urls, producing 2 keys and 8 values 
10:59:10:204  WARN 37128 --- [main] org.reflections.Reflections              : given scan urls are empty. set urls in the configuration
10:59:10:205  INFO 37128 --- [main] com.alibaba.nacos.common.remote.client   : [2fd61998-2210-443c-ab62-7c6b774e930d] RpcClient init label, labels = {module=naming, source=sdk}
10:59:10:207  INFO 37128 --- [main] com.alibaba.nacos.common.remote.client   : [2fd61998-2210-443c-ab62-7c6b774e930d] RpcClient init, ServerListFactory = com.alibaba.nacos.client.naming.core.ServerListManager
10:59:10:207  INFO 37128 --- [main] com.alibaba.nacos.common.remote.client   : [2fd61998-2210-443c-ab62-7c6b774e930d] Registry connection listener to current client:com.alibaba.nacos.client.naming.remote.gprc.redo.NamingGrpcRedoService
10:59:10:208  INFO 37128 --- [main] com.alibaba.nacos.common.remote.client   : [2fd61998-2210-443c-ab62-7c6b774e930d] Register server push request handler:com.alibaba.nacos.client.naming.remote.gprc.NamingPushRequestHandler
10:59:10:209  INFO 37128 --- [main] com.alibaba.nacos.common.remote.client   : [2fd61998-2210-443c-ab62-7c6b774e930d] Try to connect to server on start up, server: {serverIp = '121.37.172.251', server main port = 8848}
10:59:11:565  INFO 37128 --- [main] com.alibaba.nacos.common.remote.client   : [2fd61998-2210-443c-ab62-7c6b774e930d] Success to connect to server [121.37.172.251:8848] on start up, connectionId = 1750733951439_112.96.177.248_24755
10:59:11:566  INFO 37128 --- [com.alibaba.nacos.client.remote.worker] com.alibaba.nacos.common.remote.client   : [2fd61998-2210-443c-ab62-7c6b774e930d] Notify connected event to listeners.
10:59:11:566  INFO 37128 --- [main] com.alibaba.nacos.common.remote.client   : [2fd61998-2210-443c-ab62-7c6b774e930d] Register server push request handler:com.alibaba.nacos.common.remote.client.RpcClient$ConnectResetRequestHandler
10:59:11:567  INFO 37128 --- [main] com.alibaba.nacos.common.remote.client   : [2fd61998-2210-443c-ab62-7c6b774e930d] Register server push request handler:com.alibaba.nacos.common.remote.client.RpcClient$$Lambda$1071/0x0000000800850040
10:59:11:704  INFO 37128 --- [main] o.s.b.w.embedded.tomcat.TomcatWebServer  : Tomcat started on port(s): 8086 (http) with context path ''
10:59:11:797  INFO 37128 --- [main] c.a.c.n.registry.NacosServiceRegistry    : nacos registry, DEFAULT_GROUP pay-service 192.168.8.7:8086 register finished
10:59:11:989  INFO 37128 --- [main] d.s.w.p.DocumentationPluginsBootstrapper : Documentation plugins bootstrapped
10:59:11:991  INFO 37128 --- [main] d.s.w.p.DocumentationPluginsBootstrapper : Found 1 custom documentation plugin(s)
10:59:12:011  INFO 37128 --- [main] s.d.s.w.s.ApiListingReferenceScanner     : Scanning for api listing references
10:59:12:076  INFO 37128 --- [main] com.hmall.pay.PayApplication             : Started PayApplication in 5.957 seconds (JVM running for 6.719)
10:59:12:266  INFO 37128 --- [nacos-grpc-client-executor-9] com.alibaba.nacos.common.remote.client   : [2fd61998-2210-443c-ab62-7c6b774e930d] Receive server push request, request = NotifySubscriberRequest, requestId = 129
10:59:12:275  INFO 37128 --- [nacos-grpc-client-executor-9] com.alibaba.nacos.common.remote.client   : [2fd61998-2210-443c-ab62-7c6b774e930d] Ack server push request, request = NotifySubscriberRequest, requestId = 129
11:00:46:493  WARN 37128 --- [Thread-4] c.a.nacos.common.notify.NotifyCenter     : [NotifyCenter] Start destroying Publisher
11:00:46:493  WARN 37128 --- [Thread-7] c.a.n.common.http.HttpClientBeanHolder   : [HttpClientBeanHolder] Start destroying common HttpClient
11:00:46:493  WARN 37128 --- [Thread-4] c.a.nacos.common.notify.NotifyCenter     : [NotifyCenter] Destruction of the end
11:00:46:494  WARN 37128 --- [Thread-7] c.a.n.common.http.HttpClientBeanHolder   : [HttpClientBeanHolder] Destruction of the end
11:00:46:738  INFO 37128 --- [SpringApplicationShutdownHook] c.a.c.n.registry.NacosServiceRegistry    : De-registering from Nacos Server now...
11:00:46:826  INFO 37128 --- [SpringApplicationShutdownHook] c.a.c.n.registry.NacosServiceRegistry    : De-registration finished.
11:00:47:143  INFO 37128 --- [SpringApplicationShutdownHook] com.alibaba.nacos.common.remote.client   : Shutdown rpc client, set status to shutdown
11:00:47:143  INFO 37128 --- [SpringApplicationShutdownHook] com.alibaba.nacos.common.remote.client   : Shutdown client event executor java.util.concurrent.ScheduledThreadPoolExecutor@6425d12d[Running, pool size = 2, active threads = 2, queued tasks = 0, completed tasks = 0]
11:00:47:143  INFO 37128 --- [SpringApplicationShutdownHook] com.alibaba.nacos.common.remote.client   : Close current connection 1750733951439_112.96.177.248_24755
11:00:47:148  INFO 37128 --- [SpringApplicationShutdownHook] c.a.n.c.remote.client.grpc.GrpcClient    : Shutdown grpc executor java.util.concurrent.ThreadPoolExecutor@937700f[Running, pool size = 4, active threads = 0, queued tasks = 0, completed tasks = 39]
11:00:51:498  INFO 56644 --- [main] com.hmall.pay.PayApplication             : Starting PayApplication using Java 11.0.27 on DESKTOP-SOTLSB0 with PID 56644 (D:\JavaStudy\Projects\hmall\hmall\pay-service\target\classes started by Nick in D:\JavaStudy\Projects\hmall\hmall)
11:00:51:502 DEBUG 56644 --- [main] com.hmall.pay.PayApplication             : Running with Spring Boot v2.7.12, Spring v5.3.27
11:00:51:502  INFO 56644 --- [main] com.hmall.pay.PayApplication             : The following 1 profile is active: "local"
11:00:52:500  INFO 56644 --- [main] o.s.cloud.context.scope.GenericScope     : BeanFactory id=3ca7418c-d5dd-3997-baa2-cb984f7a25f2
11:00:52:803  INFO 56644 --- [main] o.s.b.w.embedded.tomcat.TomcatWebServer  : Tomcat initialized with port(s): 8086 (http)
11:00:52:810  INFO 56644 --- [main] o.apache.catalina.core.StandardService   : Starting service [Tomcat]
11:00:52:811  INFO 56644 --- [main] org.apache.catalina.core.StandardEngine  : Starting Servlet engine: [Apache Tomcat/9.0.75]
11:00:52:948  INFO 56644 --- [main] o.a.c.c.C.[Tomcat].[localhost].[/]       : Initializing Spring embedded WebApplicationContext
11:00:52:949  INFO 56644 --- [main] w.s.c.ServletWebServerApplicationContext : Root WebApplicationContext: initialization completed in 1401 ms
11:00:53:099  INFO 56644 --- [main] o.s.c.openfeign.FeignClientFactoryBean   : For 'user-service' URL not provided. Will try picking an instance via load-balancing.
11:00:53:149  INFO 56644 --- [main] o.s.c.openfeign.FeignClientFactoryBean   : For 'trade-service' URL not provided. Will try picking an instance via load-balancing.
11:00:54:540  INFO 56644 --- [main] pertySourcedRequestMappingHandlerMapping : Mapped URL path [/v2/api-docs] onto method [springfox.documentation.swagger2.web.Swagger2ControllerWebMvc#getDocumentation(String, HttpServletRequest)]
11:00:55:100  INFO 56644 --- [main] com.alibaba.nacos.common.remote.client   : [RpcClientFactory] create a new rpc client of 9df4f06e-f8e8-42f1-9af2-8801724000af
11:00:55:141  INFO 56644 --- [main] org.reflections.Reflections              : Reflections took 22 ms to scan 1 urls, producing 3 keys and 6 values 
11:00:55:167  INFO 56644 --- [main] org.reflections.Reflections              : Reflections took 10 ms to scan 1 urls, producing 4 keys and 9 values 
11:00:55:176  INFO 56644 --- [main] org.reflections.Reflections              : Reflections took 6 ms to scan 1 urls, producing 3 keys and 10 values 
11:00:55:179  WARN 56644 --- [main] org.reflections.Reflections              : given scan urls are empty. set urls in the configuration
11:00:55:184  INFO 56644 --- [main] org.reflections.Reflections              : Reflections took 5 ms to scan 1 urls, producing 1 keys and 5 values 
11:00:55:193  INFO 56644 --- [main] org.reflections.Reflections              : Reflections took 7 ms to scan 1 urls, producing 1 keys and 7 values 
11:00:55:204  INFO 56644 --- [main] org.reflections.Reflections              : Reflections took 8 ms to scan 1 urls, producing 2 keys and 8 values 
11:00:55:206  WARN 56644 --- [main] org.reflections.Reflections              : given scan urls are empty. set urls in the configuration
11:00:55:207  INFO 56644 --- [main] com.alibaba.nacos.common.remote.client   : [9df4f06e-f8e8-42f1-9af2-8801724000af] RpcClient init label, labels = {module=naming, source=sdk}
11:00:55:209  INFO 56644 --- [main] com.alibaba.nacos.common.remote.client   : [9df4f06e-f8e8-42f1-9af2-8801724000af] RpcClient init, ServerListFactory = com.alibaba.nacos.client.naming.core.ServerListManager
11:00:55:209  INFO 56644 --- [main] com.alibaba.nacos.common.remote.client   : [9df4f06e-f8e8-42f1-9af2-8801724000af] Registry connection listener to current client:com.alibaba.nacos.client.naming.remote.gprc.redo.NamingGrpcRedoService
11:00:55:210  INFO 56644 --- [main] com.alibaba.nacos.common.remote.client   : [9df4f06e-f8e8-42f1-9af2-8801724000af] Register server push request handler:com.alibaba.nacos.client.naming.remote.gprc.NamingPushRequestHandler
11:00:55:212  INFO 56644 --- [main] com.alibaba.nacos.common.remote.client   : [9df4f06e-f8e8-42f1-9af2-8801724000af] Try to connect to server on start up, server: {serverIp = '121.37.172.251', server main port = 8848}
11:00:56:546  INFO 56644 --- [main] com.alibaba.nacos.common.remote.client   : [9df4f06e-f8e8-42f1-9af2-8801724000af] Success to connect to server [121.37.172.251:8848] on start up, connectionId = 1750734056420_112.96.177.248_24757
11:00:56:547  INFO 56644 --- [com.alibaba.nacos.client.remote.worker] com.alibaba.nacos.common.remote.client   : [9df4f06e-f8e8-42f1-9af2-8801724000af] Notify connected event to listeners.
11:00:56:547  INFO 56644 --- [main] com.alibaba.nacos.common.remote.client   : [9df4f06e-f8e8-42f1-9af2-8801724000af] Register server push request handler:com.alibaba.nacos.common.remote.client.RpcClient$ConnectResetRequestHandler
11:00:56:547  INFO 56644 --- [main] com.alibaba.nacos.common.remote.client   : [9df4f06e-f8e8-42f1-9af2-8801724000af] Register server push request handler:com.alibaba.nacos.common.remote.client.RpcClient$$Lambda$1071/0x0000000800850040
11:00:56:683  INFO 56644 --- [main] o.s.b.w.embedded.tomcat.TomcatWebServer  : Tomcat started on port(s): 8086 (http) with context path ''
11:00:56:797  INFO 56644 --- [main] c.a.c.n.registry.NacosServiceRegistry    : nacos registry, DEFAULT_GROUP pay-service 192.168.8.7:8086 register finished
11:00:57:020  INFO 56644 --- [main] d.s.w.p.DocumentationPluginsBootstrapper : Documentation plugins bootstrapped
11:00:57:022  INFO 56644 --- [main] d.s.w.p.DocumentationPluginsBootstrapper : Found 1 custom documentation plugin(s)
11:00:57:042  INFO 56644 --- [main] s.d.s.w.s.ApiListingReferenceScanner     : Scanning for api listing references
11:00:57:121  INFO 56644 --- [main] com.hmall.pay.PayApplication             : Started PayApplication in 6.343 seconds (JVM running for 7.004)
11:00:57:163  INFO 56644 --- [nacos-grpc-client-executor-9] com.alibaba.nacos.common.remote.client   : [9df4f06e-f8e8-42f1-9af2-8801724000af] Receive server push request, request = NotifySubscriberRequest, requestId = 133
11:00:57:173  INFO 56644 --- [nacos-grpc-client-executor-9] com.alibaba.nacos.common.remote.client   : [9df4f06e-f8e8-42f1-9af2-8801724000af] Ack server push request, request = NotifySubscriberRequest, requestId = 133
11:07:27:277  INFO 56644 --- [com.alibaba.nacos.client.remote.worker] com.alibaba.nacos.common.remote.client   : [9df4f06e-f8e8-42f1-9af2-8801724000af] Server healthy check fail, currentConnection = 1750734056420_112.96.177.248_24757
11:07:27:277  INFO 56644 --- [com.alibaba.nacos.client.remote.worker] com.alibaba.nacos.common.remote.client   : [9df4f06e-f8e8-42f1-9af2-8801724000af] Try to reconnect to a new server, server is  not appointed, will choose a random server.
11:07:29:390  INFO 56644 --- [com.alibaba.nacos.client.remote.worker] com.alibaba.nacos.common.remote.client   : [9df4f06e-f8e8-42f1-9af2-8801724000af] Success to connect a server [121.37.172.251:8848], connectionId = 1750734448428_112.96.177.248_18343
11:07:29:390  INFO 56644 --- [com.alibaba.nacos.client.remote.worker] com.alibaba.nacos.common.remote.client   : [9df4f06e-f8e8-42f1-9af2-8801724000af] Abandon prev connection, server is 121.37.172.251:8848, connectionId is 1750734056420_112.96.177.248_24757
11:07:29:390  INFO 56644 --- [com.alibaba.nacos.client.remote.worker] com.alibaba.nacos.common.remote.client   : Close current connection 1750734056420_112.96.177.248_24757
11:07:29:394  INFO 56644 --- [com.alibaba.nacos.client.remote.worker] com.alibaba.nacos.common.remote.client   : [9df4f06e-f8e8-42f1-9af2-8801724000af] Notify disconnected event to listeners
11:07:29:394  INFO 56644 --- [com.alibaba.nacos.client.remote.worker] com.alibaba.nacos.common.remote.client   : [9df4f06e-f8e8-42f1-9af2-8801724000af] Notify connected event to listeners.
11:07:29:395  WARN 56644 --- [nacos-grpc-client-executor-110] c.a.n.c.remote.client.grpc.GrpcClient    : [1750734056420_112.96.177.248_24757]Ignore error event,isRunning:true,isAbandon=true
11:07:35:209 ERROR 56644 --- [com.alibaba.nacos.client.naming.grpc.redo.0] com.alibaba.nacos.common.remote.client   : Send request fail, request = InstanceRequest{headers={}, requestId='null'}, retryTimes = 0, errorMessage = java.util.concurrent.TimeoutException: Waited 3000 milliseconds (plus 10 milliseconds, 655201 nanoseconds delay) for com.alibaba.nacos.shaded.io.grpc.stub.ClientCalls$GrpcFuture@17befc53[status=PENDING, info=[GrpcFuture{clientCall={delegate={delegate=ClientCallImpl{method=MethodDescriptor{fullMethodName=Request/request, type=UNARY, idempotent=false, safe=false, sampledToLocalTracing=true, requestMarshaller=com.alibaba.nacos.shaded.io.grpc.protobuf.lite.ProtoLiteUtils$MessageMarshaller@40c37950, responseMarshaller=com.alibaba.nacos.shaded.io.grpc.protobuf.lite.ProtoLiteUtils$MessageMarshaller@5879ebb8, schemaDescriptor=com.alibaba.nacos.api.grpc.auto.RequestGrpc$RequestMethodDescriptorSupplier@1dd94f5}}}}}]]
11:07:39:305  INFO 56644 --- [com.alibaba.nacos.client.remote.worker] com.alibaba.nacos.common.remote.client   : [9df4f06e-f8e8-42f1-9af2-8801724000af] Try to reconnect to a new server, server is  not appointed, will choose a random server.
11:07:42:319 ERROR 56644 --- [com.alibaba.nacos.client.remote.worker] c.a.n.c.remote.client.grpc.GrpcClient    : Server check fail, please check server 121.37.172.251 ,port 9848 is available , error ={}

java.util.concurrent.TimeoutException: Waited 3000 milliseconds (plus 13 milliseconds, 21100 nanoseconds delay) for com.alibaba.nacos.shaded.io.grpc.stub.ClientCalls$GrpcFuture@3a7cea2c[status=PENDING, info=[GrpcFuture{clientCall={delegate={delegate=ClientCallImpl{method=MethodDescriptor{fullMethodName=Request/request, type=UNARY, idempotent=false, safe=false, sampledToLocalTracing=true, requestMarshaller=com.alibaba.nacos.shaded.io.grpc.protobuf.lite.ProtoLiteUtils$MessageMarshaller@40c37950, responseMarshaller=com.alibaba.nacos.shaded.io.grpc.protobuf.lite.ProtoLiteUtils$MessageMarshaller@5879ebb8, schemaDescriptor=com.alibaba.nacos.api.grpc.auto.RequestGrpc$RequestMethodDescriptorSupplier@1dd94f5}}}}}]]
	at com.alibaba.nacos.shaded.com.google.common.util.concurrent.AbstractFuture.get(AbstractFuture.java:508) ~[nacos-client-2.0.4.jar:na]
	at com.alibaba.nacos.common.remote.client.grpc.GrpcClient.serverCheck(GrpcClient.java:148) ~[nacos-client-2.0.4.jar:na]
	at com.alibaba.nacos.common.remote.client.grpc.GrpcClient.connectToServer(GrpcClient.java:264) ~[nacos-client-2.0.4.jar:na]
	at com.alibaba.nacos.common.remote.client.RpcClient.reconnect(RpcClient.java:522) ~[nacos-client-2.0.4.jar:na]
	at com.alibaba.nacos.common.remote.client.RpcClient.lambda$start$2(RpcClient.java:370) ~[nacos-client-2.0.4.jar:na]
	at java.base/java.util.concurrent.Executors$RunnableAdapter.call(Executors.java:515) ~[na:na]
	at java.base/java.util.concurrent.FutureTask.run(FutureTask.java:264) ~[na:na]
	at java.base/java.util.concurrent.ScheduledThreadPoolExecutor$ScheduledFutureTask.run(ScheduledThreadPoolExecutor.java:304) ~[na:na]
	at java.base/java.util.concurrent.ThreadPoolExecutor.runWorker(ThreadPoolExecutor.java:1128) ~[na:na]
	at java.base/java.util.concurrent.ThreadPoolExecutor$Worker.run(ThreadPoolExecutor.java:628) ~[na:na]
	at java.base/java.lang.Thread.run(Thread.java:834) ~[na:na]

11:07:45:437 ERROR 56644 --- [com.alibaba.nacos.client.remote.worker] c.a.n.c.remote.client.grpc.GrpcClient    : Server check fail, please check server 121.37.172.251 ,port 9848 is available , error ={}

java.util.concurrent.TimeoutException: Waited 3000 milliseconds (plus 12 milliseconds, 527999 nanoseconds delay) for com.alibaba.nacos.shaded.io.grpc.stub.ClientCalls$GrpcFuture@46fdef00[status=PENDING, info=[GrpcFuture{clientCall={delegate={delegate=ClientCallImpl{method=MethodDescriptor{fullMethodName=Request/request, type=UNARY, idempotent=false, safe=false, sampledToLocalTracing=true, requestMarshaller=com.alibaba.nacos.shaded.io.grpc.protobuf.lite.ProtoLiteUtils$MessageMarshaller@40c37950, responseMarshaller=com.alibaba.nacos.shaded.io.grpc.protobuf.lite.ProtoLiteUtils$MessageMarshaller@5879ebb8, schemaDescriptor=com.alibaba.nacos.api.grpc.auto.RequestGrpc$RequestMethodDescriptorSupplier@1dd94f5}}}}}]]
	at com.alibaba.nacos.shaded.com.google.common.util.concurrent.AbstractFuture.get(AbstractFuture.java:508) ~[nacos-client-2.0.4.jar:na]
	at com.alibaba.nacos.common.remote.client.grpc.GrpcClient.serverCheck(GrpcClient.java:148) ~[nacos-client-2.0.4.jar:na]
	at com.alibaba.nacos.common.remote.client.grpc.GrpcClient.connectToServer(GrpcClient.java:264) ~[nacos-client-2.0.4.jar:na]
	at com.alibaba.nacos.common.remote.client.RpcClient.reconnect(RpcClient.java:522) ~[nacos-client-2.0.4.jar:na]
	at com.alibaba.nacos.common.remote.client.RpcClient.lambda$start$2(RpcClient.java:370) ~[nacos-client-2.0.4.jar:na]
	at java.base/java.util.concurrent.Executors$RunnableAdapter.call(Executors.java:515) ~[na:na]
	at java.base/java.util.concurrent.FutureTask.run(FutureTask.java:264) ~[na:na]
	at java.base/java.util.concurrent.ScheduledThreadPoolExecutor$ScheduledFutureTask.run(ScheduledThreadPoolExecutor.java:304) ~[na:na]
	at java.base/java.util.concurrent.ThreadPoolExecutor.runWorker(ThreadPoolExecutor.java:1128) ~[na:na]
	at java.base/java.util.concurrent.ThreadPoolExecutor$Worker.run(ThreadPoolExecutor.java:628) ~[na:na]
	at java.base/java.lang.Thread.run(Thread.java:834) ~[na:na]

11:07:45:438  INFO 56644 --- [com.alibaba.nacos.client.remote.worker] com.alibaba.nacos.common.remote.client   : [9df4f06e-f8e8-42f1-9af2-8801724000af] Fail to connect server, after trying 1 times, last try server is {serverIp = '121.37.172.251', server main port = 8848}, error = unknown
11:07:47:493  INFO 56644 --- [com.alibaba.nacos.client.remote.worker] com.alibaba.nacos.common.remote.client   : [9df4f06e-f8e8-42f1-9af2-8801724000af] Success to connect a server [121.37.172.251:8848], connectionId = 1750734467450_112.96.177.248_18822
11:07:47:493  INFO 56644 --- [com.alibaba.nacos.client.remote.worker] com.alibaba.nacos.common.remote.client   : [9df4f06e-f8e8-42f1-9af2-8801724000af] Abandon prev connection, server is 121.37.172.251:8848, connectionId is 1750734448428_112.96.177.248_18343
11:07:47:493  INFO 56644 --- [com.alibaba.nacos.client.remote.worker] com.alibaba.nacos.common.remote.client   : Close current connection 1750734448428_112.96.177.248_18343
11:07:47:493  INFO 56644 --- [com.alibaba.nacos.client.remote.worker] com.alibaba.nacos.common.remote.client   : [9df4f06e-f8e8-42f1-9af2-8801724000af] Notify disconnected event to listeners
11:07:47:494  INFO 56644 --- [com.alibaba.nacos.client.remote.worker] com.alibaba.nacos.common.remote.client   : [9df4f06e-f8e8-42f1-9af2-8801724000af] Notify connected event to listeners.
11:07:47:494  WARN 56644 --- [nacos-grpc-client-executor-121] c.a.n.c.remote.client.grpc.GrpcClient    : [1750734448428_112.96.177.248_18343]Ignore error event,isRunning:true,isAbandon=true
11:07:53:260  INFO 56644 --- [nacos-grpc-client-executor-125] com.alibaba.nacos.common.remote.client   : [9df4f06e-f8e8-42f1-9af2-8801724000af] Receive server push request, request = NotifySubscriberRequest, requestId = 142
11:07:53:262  INFO 56644 --- [nacos-grpc-client-executor-125] com.alibaba.nacos.common.remote.client   : [9df4f06e-f8e8-42f1-9af2-8801724000af] Ack server push request, request = NotifySubscriberRequest, requestId = 142
11:08:33:240  WARN 56644 --- [Thread-7] c.a.n.common.http.HttpClientBeanHolder   : [HttpClientBeanHolder] Start destroying common HttpClient
11:08:33:240  WARN 56644 --- [Thread-4] c.a.nacos.common.notify.NotifyCenter     : [NotifyCenter] Start destroying Publisher
11:08:33:241  WARN 56644 --- [Thread-7] c.a.n.common.http.HttpClientBeanHolder   : [HttpClientBeanHolder] Destruction of the end
11:08:33:241  WARN 56644 --- [Thread-4] c.a.nacos.common.notify.NotifyCenter     : [NotifyCenter] Destruction of the end
11:08:34:321  INFO 56644 --- [SpringApplicationShutdownHook] c.a.c.n.registry.NacosServiceRegistry    : De-registering from Nacos Server now...
11:08:34:405  INFO 56644 --- [SpringApplicationShutdownHook] c.a.c.n.registry.NacosServiceRegistry    : De-registration finished.
11:08:34:723  INFO 56644 --- [SpringApplicationShutdownHook] com.alibaba.nacos.common.remote.client   : Shutdown rpc client, set status to shutdown
11:08:34:723  INFO 56644 --- [SpringApplicationShutdownHook] com.alibaba.nacos.common.remote.client   : Shutdown client event executor java.util.concurrent.ScheduledThreadPoolExecutor@5f6b9a87[Running, pool size = 2, active threads = 2, queued tasks = 0, completed tasks = 0]
11:08:34:723  INFO 56644 --- [SpringApplicationShutdownHook] com.alibaba.nacos.common.remote.client   : Close current connection 1750734467450_112.96.177.248_18822
11:08:34:725  INFO 56644 --- [SpringApplicationShutdownHook] c.a.n.c.remote.client.grpc.GrpcClient    : Shutdown grpc executor java.util.concurrent.ThreadPoolExecutor@7e203c3[Running, pool size = 7, active threads = 0, queued tasks = 0, completed tasks = 137]
